{
  "stats": {
    "suites": 1,
    "tests": 1,
    "passes": 0,
    "pending": 0,
    "failures": 1,
    "start": "2021-02-25T11:16:55.655Z",
    "end": "2021-02-25T11:19:18.616Z",
    "duration": 142961,
    "testsRegistered": 1,
    "passPercent": 0,
    "pendingPercent": 0,
    "other": 0,
    "hasOther": false,
    "skipped": 0,
    "hasSkipped": false
  },
  "results": [
    {
      "uuid": "e5d08a43-93a5-48d1-b641-83a9ebbca3da",
      "title": "",
      "fullFile": "cypress\\integration\\BusinessAccount.feature",
      "file": "cypress\\integration\\BusinessAccount.feature",
      "beforeHooks": [],
      "afterHooks": [],
      "tests": [],
      "suites": [
        {
          "uuid": "40b699c6-7c8a-4ada-901f-17a0912158c0",
          "title": "Business Account Creation",
          "fullFile": "",
          "file": "",
          "beforeHooks": [],
          "afterHooks": [],
          "tests": [
            {
              "title": "Create a Business Account",
              "fullTitle": "Business Account Creation Create a Business Account",
              "timedOut": null,
              "duration": 120492,
              "state": "failed",
              "speed": null,
              "pass": false,
              "fail": true,
              "pending": false,
              "context": "{\n  \"title\": \"Failed screenshot\",\n  \"value\": \"screenshots\\\\BusinessAccount.feature\\\\Business Account Creation -- Create a Business Account (failed).png\"\n}",
              "code": "const state = window.testState;\nreturn cy\n  .then(() => state.onStartScenario(scenario, indexedSteps))\n  .then(() =>\n    resolveAndRunBeforeHooks.call(this, scenario.tags, state.feature.name)\n  )\n  .then(() =>\n    indexedSteps.forEach((step) =>\n      stepTest.call(this, state, step, rowData)\n    )\n  )\n  .then(() =>\n    resolveAndRunAfterHooks.call(this, scenario.tags, state.feature.name)\n  )\n  .then(() => state.onFinishScenario(scenario));",
              "err": {
                "message": "CypressError: Timed out after waiting `120000ms` for your remote page to load.\n\nYour page did not fire its `load` event within `120000ms`.\n\nYou can try increasing the `pageLoadTimeout` value in `cypress.json` to wait longer.\n\nBrowsers will not fire the `load` event until all stylesheets and scripts are done downloading.\n\nWhen this `load` event occurs, Cypress will continue running commands.",
                "estack": "CypressError: Timed out after waiting `120000ms` for your remote page to load.\n\nYour page did not fire its `load` event within `120000ms`.\n\nYou can try increasing the `pageLoadTimeout` value in `cypress.json` to wait longer.\n\nBrowsers will not fire the `load` event until all stylesheets and scripts are done downloading.\n\nWhen this `load` event occurs, Cypress will continue running commands.\n    at timedOutWaitingForPageLoad (http://orbitclientui.test.vggdev.com/__cypress/runner/cypress_runner.js:157295:13)\n    at http://orbitclientui.test.vggdev.com/__cypress/runner/cypress_runner.js:158278:16\n    at tryCatcher (http://orbitclientui.test.vggdev.com/__cypress/runner/cypress_runner.js:10609:23)\n    at http://orbitclientui.test.vggdev.com/__cypress/runner/cypress_runner.js:5731:41\n    at tryCatcher (http://orbitclientui.test.vggdev.com/__cypress/runner/cypress_runner.js:10609:23)\n    at Promise._settlePromiseFromHandler (http://orbitclientui.test.vggdev.com/__cypress/runner/cypress_runner.js:8544:31)\n    at Promise._settlePromise (http://orbitclientui.test.vggdev.com/__cypress/runner/cypress_runner.js:8601:18)\n    at Promise._settlePromise0 (http://orbitclientui.test.vggdev.com/__cypress/runner/cypress_runner.js:8646:10)\n    at Promise._settlePromises (http://orbitclientui.test.vggdev.com/__cypress/runner/cypress_runner.js:8722:18)\n    at _drainQueueStep (http://orbitclientui.test.vggdev.com/__cypress/runner/cypress_runner.js:5316:12)\n    at _drainQueue (http://orbitclientui.test.vggdev.com/__cypress/runner/cypress_runner.js:5309:9)\n    at Async.../../node_modules/bluebird/js/release/async.js.Async._drainQueues (http://orbitclientui.test.vggdev.com/__cypress/runner/cypress_runner.js:5325:5)\n    at Async.drainQueues (http://orbitclientui.test.vggdev.com/__cypress/runner/cypress_runner.js:5195:14)\nFrom Your Spec Code:\n    at Context.eval (http://orbitclientui.test.vggdev.com/__cypress/tests?p=cypress\\integration\\BusinessAccount.feature:44:6)\n    at Context.resolveAndRunStepDefinition (http://orbitclientui.test.vggdev.com/__cypress/tests?p=cypress\\integration\\BusinessAccount.feature:10558:9)\n    at Context.eval (http://orbitclientui.test.vggdev.com/__cypress/tests?p=cypress\\integration\\BusinessAccount.feature:9899:35)\nFrom Your Spec Code:\n    at Context.eval (http://orbitclientui.test.vggdev.com/__cypress/tests?p=cypress\\integration\\BusinessAccount.feature:44:6)\n    at Context.resolveAndRunStepDefinition (http://orbitclientui.test.vggdev.com/__cypress/tests?p=cypress\\integration\\BusinessAccount.feature:10558:9)\n    at Context.eval (http://orbitclientui.test.vggdev.com/__cypress/tests?p=cypress\\integration\\BusinessAccount.feature:9899:35)",
                "diff": null
              },
              "uuid": "70a85a73-f1de-4460-a975-87db2a95bad7",
              "parentUUID": "40b699c6-7c8a-4ada-901f-17a0912158c0",
              "isHook": false,
              "skipped": false
            }
          ],
          "suites": [],
          "passes": [],
          "failures": [
            "70a85a73-f1de-4460-a975-87db2a95bad7"
          ],
          "pending": [],
          "skipped": [],
          "duration": 120492,
          "root": false,
          "rootEmpty": false,
          "_timeout": 2000
        }
      ],
      "passes": [],
      "failures": [],
      "pending": [],
      "skipped": [],
      "duration": 0,
      "root": true,
      "rootEmpty": true,
      "_timeout": 2000
    }
  ],
  "meta": {
    "mocha": {
      "version": "7.0.1"
    },
    "mochawesome": {
      "options": {
        "quiet": false,
        "reportFilename": "mochawesome",
        "saveHtml": true,
        "saveJson": true,
        "consoleReporter": "spec",
        "useInlineDiffs": false,
        "code": true
      },
      "version": "6.2.2"
    },
    "marge": {
      "options": {
        "reportDir": "cypress/result/mochawesome-report",
        "overwrite": false,
        "html": true,
        "json": true,
        "showPassed": true,
        "charts": true,
        "timestamp": "mmddyyyy_HHMMss"
      },
      "version": "5.2.0"
    }
  }
}