{
  "stats": {
    "suites": 1,
    "tests": 1,
    "passes": 0,
    "pending": 0,
    "failures": 1,
    "start": "2021-02-25T11:41:41.043Z",
    "end": "2021-02-25T11:46:01.353Z",
    "duration": 260310,
    "testsRegistered": 1,
    "passPercent": 0,
    "pendingPercent": 0,
    "other": 0,
    "hasOther": false,
    "skipped": 0,
    "hasSkipped": false
  },
  "results": [
    {
      "uuid": "0c564c56-b669-48f5-9aea-dd44a29c7ef7",
      "title": "",
      "fullFile": "cypress\\integration\\BusinessAccount.feature",
      "file": "cypress\\integration\\BusinessAccount.feature",
      "beforeHooks": [],
      "afterHooks": [],
      "tests": [],
      "suites": [
        {
          "uuid": "1d0c4575-9ee9-4280-a37d-e6c19d33eab0",
          "title": "Business Account Creation",
          "fullFile": "",
          "file": "",
          "beforeHooks": [],
          "afterHooks": [],
          "tests": [
            {
              "title": "Create a Business Account",
              "fullTitle": "Business Account Creation Create a Business Account",
              "timedOut": null,
              "duration": 257290,
              "state": "failed",
              "speed": null,
              "pass": false,
              "fail": true,
              "pending": false,
              "context": "{\n  \"title\": \"Failed screenshot\",\n  \"value\": \"screenshots\\\\BusinessAccount.feature\\\\Business Account Creation -- Create a Business Account (failed).png\"\n}",
              "code": "const state = window.testState;\nreturn cy\n  .then(() => state.onStartScenario(scenario, indexedSteps))\n  .then(() =>\n    resolveAndRunBeforeHooks.call(this, scenario.tags, state.feature.name)\n  )\n  .then(() =>\n    indexedSteps.forEach((step) =>\n      stepTest.call(this, state, step, rowData)\n    )\n  )\n  .then(() =>\n    resolveAndRunAfterHooks.call(this, scenario.tags, state.feature.name)\n  )\n  .then(() => state.onFinishScenario(scenario));",
              "err": {
                "message": "AssertionError: Timed out retrying after 150000ms: Expected to find element: `:nth-child(1) > .input-container > .form-control`, but never found it.",
                "estack": "AssertionError: Timed out retrying after 150000ms: Expected to find element: `:nth-child(1) > .input-container > .form-control`, but never found it.\n    at Context.eval (http://orbitclientui.test.vggdev.com/__cypress/tests?p=cypress\\integration\\BusinessAccount.feature:71:6)\n    at Context.resolveAndRunStepDefinition (http://orbitclientui.test.vggdev.com/__cypress/tests?p=cypress\\integration\\BusinessAccount.feature:10558:9)\n    at Context.eval (http://orbitclientui.test.vggdev.com/__cypress/tests?p=cypress\\integration\\BusinessAccount.feature:9899:35)",
                "diff": null
              },
              "uuid": "fc7ef47f-01cd-4e44-8fb1-bc861eb712c9",
              "parentUUID": "1d0c4575-9ee9-4280-a37d-e6c19d33eab0",
              "isHook": false,
              "skipped": false
            }
          ],
          "suites": [],
          "passes": [],
          "failures": [
            "fc7ef47f-01cd-4e44-8fb1-bc861eb712c9"
          ],
          "pending": [],
          "skipped": [],
          "duration": 257290,
          "root": false,
          "rootEmpty": false,
          "_timeout": 2000
        }
      ],
      "passes": [],
      "failures": [],
      "pending": [],
      "skipped": [],
      "duration": 0,
      "root": true,
      "rootEmpty": true,
      "_timeout": 2000
    }
  ],
  "meta": {
    "mocha": {
      "version": "7.0.1"
    },
    "mochawesome": {
      "options": {
        "quiet": false,
        "reportFilename": "mochawesome",
        "saveHtml": true,
        "saveJson": true,
        "consoleReporter": "spec",
        "useInlineDiffs": false,
        "code": true
      },
      "version": "6.2.2"
    },
    "marge": {
      "options": {
        "reportDir": "cypress/result/mochawesome-report",
        "overwrite": false,
        "html": true,
        "json": true,
        "showPassed": true,
        "charts": true,
        "timestamp": "mmddyyyy_HHMMss"
      },
      "version": "5.2.0"
    }
  }
}